<?xml version="1.0" encoding="UTF-8"?>
<testng-results ignored="0" total="2" passed="2" failed="0" skipped="0">
  <reporter-output>
    <line>
      <![CDATA[==Launching edge browser==]]>
    </line>
    <line>
      <![CDATA[==Launching chrome browser==]]>
    </line>
  </reporter-output>
  <suite started-at="2024-02-21T04:13:20Z" name="Suite" finished-at="2024-02-21T04:13:27Z" duration-ms="7270">
    <groups>
    </groups>
    <test started-at="2024-02-21T04:13:20Z" name="chromeTest" finished-at="2024-02-21T04:13:27Z" duration-ms="7230">
      <class name="com.TimeSheetManagementToolProject.ValidLoginTest">
        <test-method is-config="true" signature="launchBrowser(java.lang.String)[pri:0, instance:com.TimeSheetManagementToolProject.ValidLoginTest@3daf7722]" started-at="2024-02-21T04:13:20Z" name="launchBrowser" finished-at="2024-02-21T04:13:24Z" duration-ms="3967" status="PASS">
          <params>
            <param index="0">
              <value>
                <![CDATA[chrome]]>
              </value>
            </param>
          </params>
          <reporter-output>
            <line>
              <![CDATA[==Launching chrome browser==]]>
            </line>
          </reporter-output>
        </test-method> <!-- launchBrowser -->
        <test-method signature="login()[pri:0, instance:com.TimeSheetManagementToolProject.ValidLoginTest@3daf7722]" started-at="2024-02-21T04:13:24Z" name="login" finished-at="2024-02-21T04:13:26Z" duration-ms="1698" status="PASS">
          <reporter-output>
          </reporter-output>
        </test-method> <!-- login -->
        <test-method is-config="true" signature="closeBrowser()[pri:0, instance:com.TimeSheetManagementToolProject.ValidLoginTest@3daf7722]" started-at="2024-02-21T04:13:26Z" name="closeBrowser" finished-at="2024-02-21T04:13:27Z" duration-ms="1534" status="PASS">
          <reporter-output>
          </reporter-output>
        </test-method> <!-- closeBrowser -->
      </class> <!-- com.TimeSheetManagementToolProject.ValidLoginTest -->
    </test> <!-- chromeTest -->
    <test started-at="2024-02-21T04:13:20Z" name="microsoftEdgeTest" finished-at="2024-02-21T04:13:27Z" duration-ms="7270">
      <class name="com.TimeSheetManagementToolProject.ValidLoginTest">
        <test-method is-config="true" signature="launchBrowser(java.lang.String)[pri:0, instance:com.TimeSheetManagementToolProject.ValidLoginTest@7164ca4c]" started-at="2024-02-21T04:13:20Z" name="launchBrowser" finished-at="2024-02-21T04:13:24Z" duration-ms="4212" status="PASS">
          <params>
            <param index="0">
              <value>
                <![CDATA[edge]]>
              </value>
            </param>
          </params>
          <reporter-output>
            <line>
              <![CDATA[==Launching edge browser==]]>
            </line>
          </reporter-output>
        </test-method> <!-- launchBrowser -->
        <test-method signature="login()[pri:0, instance:com.TimeSheetManagementToolProject.ValidLoginTest@7164ca4c]" started-at="2024-02-21T04:13:24Z" name="login" finished-at="2024-02-21T04:13:27Z" duration-ms="2574" status="PASS">
          <reporter-output>
          </reporter-output>
        </test-method> <!-- login -->
        <test-method is-config="true" signature="closeBrowser()[pri:0, instance:com.TimeSheetManagementToolProject.ValidLoginTest@7164ca4c]" started-at="2024-02-21T04:13:27Z" name="closeBrowser" finished-at="2024-02-21T04:13:27Z" duration-ms="469" status="PASS">
          <reporter-output>
          </reporter-output>
        </test-method> <!-- closeBrowser -->
      </class> <!-- com.TimeSheetManagementToolProject.ValidLoginTest -->
    </test> <!-- microsoftEdgeTest -->
  </suite> <!-- Suite -->
</testng-results>
