<?xml version="1.0" encoding="UTF-8"?>
<!-- Generated by org.testng.reporters.JUnitXMLReporter -->
<testsuite ignored="0" hostname="DESKTOP-9C778NE" failures="0" tests="5" name="Test" time="28.014" errors="0" timestamp="20 Feb 2024 04:33:15 GMT">
  <testcase classname="com.TimeSheetManagementToolProject.ValidLoginTest" name="login" time="1.282"/>
  <testcase classname="com.TimeSheetManagementToolProject.InvalidLoginTest" name="invalidLogin" time="1.46"/>
  <testcase classname="com.TimeSheetManagementToolProject.CreateUserTest" name="createUser" time="7.181"/>
  <testcase classname="com.TimeSheetManagementToolProject.CreateCustomer_ProjectTest" name="createCustomerAndProject" time="3.579"/>
  <testcase classname="com.TimeSheetManagementToolProject.DeleteAllProjectAndCustomerTest" name="deleteAllProjectAndCustomer" time="2.314"/>
</testsuite> <!-- Test -->
