<?xml version="1.0" encoding="UTF-8"?>
<!-- Generated by org.testng.reporters.JUnitXMLReporter -->
<testsuite ignored="0" hostname="DESKTOP-9C778NE" failures="0" tests="3" name="Test" time="11.85" errors="0" timestamp="13 Feb 2024 04:26:22 GMT">
  <testcase classname="BatchExecution.CreateUser" name="createUser" time="4.747"/>
  <testcase classname="BatchExecution.ValidLogin" name="login" time="0.231"/>
  <testcase classname="BatchExecution.InvalidLogin" name="invalidLogin" time="0.385"/>
</testsuite> <!-- Test -->
