<?xml version="1.0" encoding="UTF-8"?>
<testng-results ignored="0" total="3" passed="3" failed="0" skipped="0">
  <reporter-output>
  </reporter-output>
  <suite started-at="2024-02-13T04:26:11Z" name="Suite" finished-at="2024-02-13T04:26:22Z" duration-ms="11850">
    <groups>
    </groups>
    <test started-at="2024-02-13T04:26:11Z" name="Test" finished-at="2024-02-13T04:26:22Z" duration-ms="11850">
      <class name="BatchExecution.CreateUser">
        <test-method is-config="true" signature="setup()[pri:0, instance:BatchExecution.CreateUser@1339e7aa]" started-at="2024-02-13T04:26:11Z" name="setup" finished-at="2024-02-13T04:26:13Z" duration-ms="2473" status="PASS">
          <reporter-output>
          </reporter-output>
        </test-method> <!-- setup -->
        <test-method signature="createUser()[pri:0, instance:BatchExecution.CreateUser@1339e7aa]" started-at="2024-02-13T04:26:13Z" name="createUser" finished-at="2024-02-13T04:26:18Z" duration-ms="4747" status="PASS">
          <reporter-output>
          </reporter-output>
        </test-method> <!-- createUser -->
        <test-method is-config="true" signature="tearDown()[pri:0, instance:BatchExecution.CreateUser@1339e7aa]" started-at="2024-02-13T04:26:18Z" name="tearDown" finished-at="2024-02-13T04:26:18Z" duration-ms="216" status="PASS">
          <reporter-output>
          </reporter-output>
        </test-method> <!-- tearDown -->
      </class> <!-- BatchExecution.CreateUser -->
      <class name="BatchExecution.ValidLogin">
        <test-method is-config="true" signature="setup()[pri:0, instance:BatchExecution.ValidLogin@1fb669c3]" started-at="2024-02-13T04:26:18Z" name="setup" finished-at="2024-02-13T04:26:20Z" duration-ms="1720" status="PASS">
          <reporter-output>
          </reporter-output>
        </test-method> <!-- setup -->
        <test-method signature="login()[pri:0, instance:BatchExecution.ValidLogin@1fb669c3]" started-at="2024-02-13T04:26:20Z" name="login" finished-at="2024-02-13T04:26:20Z" duration-ms="231" status="PASS">
          <reporter-output>
          </reporter-output>
        </test-method> <!-- login -->
        <test-method is-config="true" signature="tearDown()[pri:0, instance:BatchExecution.ValidLogin@1fb669c3]" started-at="2024-02-13T04:26:20Z" name="tearDown" finished-at="2024-02-13T04:26:20Z" duration-ms="177" status="PASS">
          <reporter-output>
          </reporter-output>
        </test-method> <!-- tearDown -->
      </class> <!-- BatchExecution.ValidLogin -->
      <class name="BatchExecution.InvalidLogin">
        <test-method is-config="true" signature="setup()[pri:0, instance:BatchExecution.InvalidLogin@49c66ade]" started-at="2024-02-13T04:26:20Z" name="setup" finished-at="2024-02-13T04:26:22Z" duration-ms="1668" status="PASS">
          <reporter-output>
          </reporter-output>
        </test-method> <!-- setup -->
        <test-method signature="invalidLogin()[pri:0, instance:BatchExecution.InvalidLogin@49c66ade]" started-at="2024-02-13T04:26:22Z" name="invalidLogin" finished-at="2024-02-13T04:26:22Z" duration-ms="385" status="PASS">
          <reporter-output>
          </reporter-output>
        </test-method> <!-- invalidLogin -->
        <test-method is-config="true" signature="tearDown()[pri:0, instance:BatchExecution.InvalidLogin@49c66ade]" started-at="2024-02-13T04:26:22Z" name="tearDown" finished-at="2024-02-13T04:26:22Z" duration-ms="193" status="PASS">
          <reporter-output>
          </reporter-output>
        </test-method> <!-- tearDown -->
      </class> <!-- BatchExecution.InvalidLogin -->
    </test> <!-- Test -->
  </suite> <!-- Suite -->
</testng-results>
